#
# A fatal error has been detected by the Java Runtime Environment:
#
#  EXCEPTION_ACCESS_VIOLATION (0xc0000005) at pc=0x00007ffb951d07eb, pid=14812, tid=3128
#
# JRE version: Java(TM) SE Runtime Environment (15.0+36) (build 15+36-1562)
# Java VM: Java HotSpot(TM) 64-Bit Server VM (15+36-1562, mixed mode, sharing, tiered, compressed oops, g1 gc, windows-amd64)
# Problematic frame:
# C  [atio6axx.dll+0x17507eb]
#
# No core dump will be written. Minidumps are not enabled by default on client versions of Windows
#
# If you would like to submit a bug report, please visit:
#   https://bugreport.java.com/bugreport/crash.jsp
# The crash happened outside the Java Virtual Machine in native code.
# See problematic frame for where to report the bug.
#

---------------  S U M M A R Y ------------

Command Line: -agentlib:jdwp=transport=dt_socket,server=n,suspend=y,address=localhost:51576 -XX:+ShowCodeDetailsInExceptionMessages -Dfile.encoding=UTF-8 ie.tudublin.Main

Host: AMD Ryzen 5 3600 6-Core Processor              , 12 cores, 15G,  Windows 10 , 64 bit Build 19041 (10.0.19041.928)
Time: Fri Apr 16 13:08:57 2021 GMT Summer Time elapsed time: 37.793154 seconds (0d 0h 0m 37s)

---------------  T H R E A D  ---------------

Current thread (0x000001fe75dae450):  JavaThread "main-FPSAWTAnimator#00-Timer0" [_thread_in_native, id=3128, stack(0x000000f729100000,0x000000f729200000)]

Stack: [0x000000f729100000,0x000000f729200000],  sp=0x000000f7291fcdf0,  free space=1011k
Native frames: (J=compiled Java code, j=interpreted, Vv=VM code, C=native code)
C  [atio6axx.dll+0x17507eb]

Java frames: (J=compiled Java code, j=interpreted, Vv=VM code)
J 1689  jogamp.nativewindow.windows.GDI.SwapBuffers(J)Z (0 bytes) @ 0x000001fe60c105f1 [0x000001fe60c105a0+0x0000000000000051]
J 1687 c1 jogamp.opengl.windows.wgl.WindowsWGLDrawable.swapBuffersImpl(Z)V (153 bytes) @ 0x000001fe5999741c [0x000001fe59997180+0x000000000000029c]
J 1686 c1 jogamp.opengl.GLDrawableImpl.swapBuffers()V (138 bytes) @ 0x000001fe59995e84 [0x000001fe599957c0+0x00000000000006c4]
J 1476 c1 jogamp.opengl.GLDrawableHelper.invokeGLImpl(Lcom/jogamp/opengl/GLDrawable;Lcom/jogamp/opengl/GLContext;Ljava/lang/Runnable;Ljava/lang/Runnable;)V (579 bytes) @ 0x000001fe59903a14 [0x000001fe59902d60+0x0000000000000cb4]
J 1539 c1 jogamp.opengl.GLDrawableHelper.invokeGL(Lcom/jogamp/opengl/GLDrawable;Lcom/jogamp/opengl/GLContext;Ljava/lang/Runnable;Ljava/lang/Runnable;)V (76 bytes) @ 0x000001fe59942634 [0x000001fe59942540+0x00000000000000f4]
J 1471 c1 com.jogamp.newt.opengl.GLWindow.display()V (144 bytes) @ 0x000001fe598f625c [0x000001fe598f5c00+0x000000000000065c]
J 1538 c1 com.jogamp.opengl.util.AWTAnimatorImpl.display(Ljava/util/ArrayList;ZZ)V (170 bytes) @ 0x000001fe5993fd4c [0x000001fe5993f5a0+0x00000000000007ac]
J 1536 c1 com.jogamp.opengl.util.FPSAnimator$MainTask.run()V (805 bytes) @ 0x000001fe5993ccdc [0x000001fe5993c460+0x000000000000087c]
j  java.util.TimerThread.mainLoop()V+221 java.base@15
j  java.util.TimerThread.run()V+1 java.base@15
v  ~StubRoutines::call_stub

siginfo: EXCEPTION_ACCESS_VIOLATION (0xc0000005), reading address 0x0000000000000040


Register to memory mapping:

RIP=0x00007ffb951d07eb atio6axx.dll
RAX=0x000001ff5575f368 points into unknown readable memory: 0x00007ffb951aa230 | 30 a2 1a 95 fb 7f 00 00
RBX=0x0 is NULL
RCX=0x0 is NULL
RDX=0x0 is NULL
RSP=0x000000f7291fcdf0 is pointing into the stack for thread: 0x000001fe75dae450
RBP=0x000001ff5575eec0 points into unknown readable memory: 0x00007ffb96250bc8 | c8 0b 25 96 fb 7f 00 00
RSI=0x000001ff40f66400 points into unknown readable memory: 0x00007ffb96250ae0 | e0 0a 25 96 fb 7f 00 00
RDI=0x0 is NULL
R8 =0x0 is NULL
R9 =0x0 is NULL
R10=0x00007ffb96254088 atio6axx.dll
R11=0x0 is NULL
R12=0x0000000000000003 is an unknown value
R13=0x000001ff59080280 points into unknown readable memory: 0x00007ffb96254088 | 88 40 25 96 fb 7f 00 00
R14=0x0 is NULL
R15=0x0 is NULL


Registers:
RAX=0x000001ff5575f368, RBX=0x0000000000000000, RCX=0x0000000000000000, RDX=0x0000000000000000
RSP=0x000000f7291fcdf0, RBP=0x000001ff5575eec0, RSI=0x000001ff40f66400, RDI=0x0000000000000000
R8 =0x0000000000000000, R9 =0x0000000000000000, R10=0x00007ffb96254088, R11=0x0000000000000000
R12=0x0000000000000003, R13=0x000001ff59080280, R14=0x0000000000000000, R15=0x0000000000000000
RIP=0x00007ffb951d07eb, EFLAGS=0x0000000000010246

Top of Stack: (sp=0x000000f7291fcdf0)
0x000000f7291fcdf0:   000001ff5619b430 00000000000003ff
0x000000f7291fce00:   000001fe4ec802ec 000001fe4ed80000
0x000000f7291fce10:   000001ff59080280 00007ffb95250717
0x000000f7291fce20:   000001ff59080280 0000000000000000
0x000000f7291fce30:   0000000000000000 0000000000004810
0x000000f7291fce40:   0000000000000128 0000000000000008
0x000000f7291fce50:   000001fe4ed80000 00007ffc002db86b
0x000000f7291fce60:   000000000011000a 00000000000000a9
0x000000f7291fce70:   000001ff552e3300 000000f702000002
0x000000f7291fce80:   0000000000000128 00000000f00008f8
0x000000f7291fce90:   0000000000000000 000001fe4ec84500
0x000000f7291fcea0:   0000000000000000 000001ff40f66400
0x000000f7291fceb0:   0000000000040000 00007ffb951ff96e
0x000000f7291fcec0:   000001ff59080280 000000f7291fd100
0x000000f7291fced0:   0000000000000000 0000000000000000
0x000000f7291fcee0:   0000000000001001 00007ffb951ffbab 

Instructions: (pc=0x00007ffb951d07eb)
0x00007ffb951d06eb:   87 60 05 00 00 44 89 a8 cc 12 00 00 48 8b 87 60
0x00007ffb951d06fb:   05 00 00 44 89 a8 d0 12 00 00 48 8b 87 60 05 00
0x00007ffb951d070b:   00 44 89 a8 64 13 00 00 48 8b 87 60 05 00 00 c7
0x00007ffb951d071b:   80 d4 12 00 00 fe ff ff ff 48 8b 87 60 05 00 00
0x00007ffb951d072b:   c7 80 d8 12 00 00 ff ff ff ff 48 8b 87 60 05 00
0x00007ffb951d073b:   00 c7 80 dc 12 00 00 ff ff ff ff 48 8b 87 60 05
0x00007ffb951d074b:   00 00 4c 89 a8 e0 12 00 00 48 8b 87 60 05 00 00
0x00007ffb951d075b:   44 89 a8 e8 12 00 00 48 8b 87 60 05 00 00 44 89
0x00007ffb951d076b:   a8 ec 12 00 00 48 8b 8f 60 05 00 00 0f 11 81 f0
0x00007ffb951d077b:   12 00 00 0f 11 81 00 13 00 00 0f 11 81 10 13 00
0x00007ffb951d078b:   00 66 0f 7e 81 20 13 00 00 48 8b 87 60 05 00 00
0x00007ffb951d079b:   0f 11 80 24 13 00 00 0f 11 80 34 13 00 00 48 8b
0x00007ffb951d07ab:   87 60 05 00 00 0f 11 80 44 13 00 00 0f 11 80 54
0x00007ffb951d07bb:   13 00 00 44 89 ab 68 01 00 00 48 8b 47 40 c6 80
0x00007ffb951d07cb:   52 01 00 00 00 48 83 c4 40 41 5d 5f 5b c3 cc cc
0x00007ffb951d07db:   cc cc cc cc cc 40 53 48 83 ec 20 48 8b d9 33 d2
0x00007ffb951d07eb:   48 8b 49 40 48 8b 01 ff 50 18 48 8b 43 40 33 c9
0x00007ffb951d07fb:   c7 80 54 01 00 00 01 00 00 00 48 8b 83 48 04 00
0x00007ffb951d080b:   00 48 89 8b 30 04 00 00 48 89 8b 38 04 00 00 48
0x00007ffb951d081b:   89 8b 48 04 00 00 48 89 8b 40 04 00 00 48 83 c4
0x00007ffb951d082b:   20 5b c3 cc cc 40 53 55 56 57 48 83 ec 28 41 8b
0x00007ffb951d083b:   80 c0 00 00 00 33 ed 48 8b 74 24 70 49 8b f8 4c
0x00007ffb951d084b:   89 64 24 50 48 8b da 4c 89 6c 24 58 4c 8b e9 4c
0x00007ffb951d085b:   89 74 24 60 4d 8b f1 44 8b e5 85 c0 0f 84 cf 01
0x00007ffb951d086b:   00 00 4c 89 7c 24 20 45 8b fc 42 8b 8c bf 90 00
0x00007ffb951d087b:   00 00 4a 8b ac fe a0 00 00 00 85 c9 0f 84 f0 00
0x00007ffb951d088b:   00 00 83 e9 01 74 7f 83 f9 02 0f 85 68 01 00 00
0x00007ffb951d089b:   45 8b 85 90 11 00 00 45 85 c0 74 2b 8b 83 d0 00
0x00007ffb951d08ab:   00 00 33 d2 2b 83 c0 00 00 00 83 c0 10 41 f7 f0
0x00007ffb951d08bb:   85 d2 74 13 48 8b 03 44 2b c2 8d 51 01 41 c1 e8
0x00007ffb951d08cb:   02 48 8b cb ff 50 20 48 8b 93 d0 00 00 00 48 8d
0x00007ffb951d08db:   42 10 48 89 83 d0 00 00 00 48 8b 8b 48 01 00 00 


Stack slot to memory mapping:
stack at sp + 0 slots: 0x000001ff5619b430 points into unknown readable memory: 0x0001000200000000 | 00 00 00 00 02 00 01 00
stack at sp + 1 slots: 0x00000000000003ff is an unknown value
stack at sp + 2 slots: 0x000001fe4ec802ec points into unknown readable memory: 13 00 12 00
stack at sp + 3 slots: 0x000001fe4ed80000 points into unknown readable memory: 0x0000000000000000 | 00 00 00 00 00 00 00 00
stack at sp + 4 slots: 0x000001ff59080280 points into unknown readable memory: 0x00007ffb96254088 | 88 40 25 96 fb 7f 00 00
stack at sp + 5 slots: 0x00007ffb95250717 atio6axx.dll
stack at sp + 6 slots: 0x000001ff59080280 points into unknown readable memory: 0x00007ffb96254088 | 88 40 25 96 fb 7f 00 00
stack at sp + 7 slots: 0x0 is NULL


---------------  P R O C E S S  ---------------

Threads class SMR info:
_java_thread_list=0x000001fe037de030, length=21, elements={
0x000001fe74a02790, 0x000001fe74a03260, 0x000001fe74a1a860, 0x000001fe74a1d530,
0x000001fe74a1dee0, 0x000001fe74a1fde0, 0x000001fe74a27fd0, 0x000001fe74a32410,
0x000001fe75402540, 0x000001fe75409eb0, 0x000001fe74a284e0, 0x000001fe7543f150,
0x000001fe75445e70, 0x000001fe75dac770, 0x000001fe75dadf80, 0x000001fe75dad110,
0x000001fe75dad5e0, 0x000001fe75dafc60, 0x000001fe75db0130, 0x000001fe75dae450,
0x000001fe75dadab0
}

Java Threads: ( => current thread )
  0x000001fe74a02790 JavaThread "Reference Handler" daemon [_thread_blocked, id=9836, stack(0x000000f726400000,0x000000f726500000)]
  0x000001fe74a03260 JavaThread "Finalizer" daemon [_thread_blocked, id=11692, stack(0x000000f726500000,0x000000f726600000)]
  0x000001fe74a1a860 JavaThread "Signal Dispatcher" daemon [_thread_blocked, id=1368, stack(0x000000f726600000,0x000000f726700000)]
  0x000001fe74a1d530 JavaThread "Attach Listener" daemon [_thread_blocked, id=14628, stack(0x000000f726700000,0x000000f726800000)]
  0x000001fe74a1dee0 JavaThread "Service Thread" daemon [_thread_blocked, id=11976, stack(0x000000f726800000,0x000000f726900000)]
  0x000001fe74a1fde0 JavaThread "C2 CompilerThread0" daemon [_thread_blocked, id=5344, stack(0x000000f726900000,0x000000f726a00000)]
  0x000001fe74a27fd0 JavaThread "C1 CompilerThread0" daemon [_thread_blocked, id=5952, stack(0x000000f726a00000,0x000000f726b00000)]
  0x000001fe74a32410 JavaThread "Sweeper thread" daemon [_thread_blocked, id=14404, stack(0x000000f726b00000,0x000000f726c00000)]
  0x000001fe75402540 JavaThread "JDWP Transport Listener: dt_socket" daemon [_thread_blocked, id=14788, stack(0x000000f726c00000,0x000000f726d00000)]
  0x000001fe75409eb0 JavaThread "JDWP Event Helper Thread" daemon [_thread_blocked, id=8724, stack(0x000000f726d00000,0x000000f726e00000)]
  0x000001fe74a284e0 JavaThread "JDWP Command Reader" daemon [_thread_in_native, id=14452, stack(0x000000f726e00000,0x000000f726f00000)]
  0x000001fe7543f150 JavaThread "Notification Thread" daemon [_thread_blocked, id=8704, stack(0x000000f726f00000,0x000000f727000000)]
  0x000001fe75445e70 JavaThread "Common-Cleaner" daemon [_thread_blocked, id=6604, stack(0x000000f727100000,0x000000f727200000)]
  0x000001fe75dac770 JavaThread "Java2D Disposer" daemon [_thread_blocked, id=4648, stack(0x000000f727200000,0x000000f727300000)]
  0x000001fe75dadf80 JavaThread "AWT-Windows" daemon [_thread_in_native, id=15236, stack(0x000000f727400000,0x000000f727500000)]
  0x000001fe75dad110 JavaThread "main-Display-.windows_nil-1-EDT-1" daemon [_thread_blocked, id=10796, stack(0x000000f728700000,0x000000f728800000)]
  0x000001fe75dad5e0 JavaThread "main-SharedResourceRunner" daemon [_thread_blocked, id=14888, stack(0x000000f728900000,0x000000f728a00000)]
  0x000001fe75dafc60 JavaThread "HighResTimerThread" daemon [_thread_blocked, id=11856, stack(0x000000f728f00000,0x000000f729000000)]
  0x000001fe75db0130 JavaThread "Thread-2" [_thread_blocked, id=11180, stack(0x000000f729000000,0x000000f729100000)]
=>0x000001fe75dae450 JavaThread "main-FPSAWTAnimator#00-Timer0" [_thread_in_native, id=3128, stack(0x000000f729100000,0x000000f729200000)]
  0x000001fe75dadab0 JavaThread "DestroyJavaVM" [_thread_blocked, id=8048, stack(0x000000f725d00000,0x000000f725e00000)]

Other Threads:
  0x000001fe74a01010 VMThread "VM Thread" [stack: 0x000000f726300000,0x000000f726400000] [id=10256]
  0x000001fe75443700 WatcherThread [stack: 0x000000f727000000,0x000000f727100000] [id=6520]
  0x000001fe50eb5010 GCTaskThread "GC Thread#0" [stack: 0x000000f725e00000,0x000000f725f00000] [id=8060]
  0x000001fe75481ad0 GCTaskThread "GC Thread#1" [stack: 0x000000f728a00000,0x000000f728b00000] [id=6404]
  0x000001fe75484770 GCTaskThread "GC Thread#2" [stack: 0x000000f728b00000,0x000000f728c00000] [id=7424]
  0x000001fe75481140 GCTaskThread "GC Thread#3" [stack: 0x000000f728c00000,0x000000f728d00000] [id=9412]
  0x000001fe75481e00 GCTaskThread "GC Thread#4" [stack: 0x000000f728d00000,0x000000f728e00000] [id=4168]
  0x000001fe75482130 GCTaskThread "GC Thread#5" [stack: 0x000000f728e00000,0x000000f728f00000] [id=14052]
  0x000001fe50ec7130 ConcurrentGCThread "G1 Main Marker" [stack: 0x000000f725f00000,0x000000f726000000] [id=11744]
  0x000001fe50ec8440 ConcurrentGCThread "G1 Conc#0" [stack: 0x000000f726000000,0x000000f726100000] [id=13348]
  0x000001fe50f3ea70 ConcurrentGCThread "G1 Refine#0" [stack: 0x000000f726100000,0x000000f726200000] [id=5512]
  0x000001fe748f6850 ConcurrentGCThread "G1 Young RemSet Sampling" [stack: 0x000000f726200000,0x000000f726300000] [id=15004]

Threads with active compile tasks:

VM state: not at safepoint (normal execution)

VM Mutex/Monitor currently owned by a thread: None

Heap address: 0x0000000700c00000, size: 4084 MB, Compressed Oops mode: Zero based, Oop shift amount: 3
CDS archive(s) mapped at: [0x0000000800000000-0x0000000800b50000-0x0000000800b50000), size 11862016, SharedBaseAddress: 0x0000000800000000, ArchiveRelocationMode: 0.
Compressed class space mapped at: 0x0000000800b50000-0x0000000840b50000, size: 1073741824
Narrow klass base: 0x0000000800000000, Narrow klass shift: 3, Narrow klass range: 0x100000000

GC Precious Log:
 CPUs: 12 total, 12 available
 Memory: 16334M
 Large Page Support: Disabled
 NUMA Support: Disabled
 Compressed Oops: Enabled (Zero based)
 Heap Region Size: 2M
 Heap Min Capacity: 8M
 Heap Initial Capacity: 256M
 Heap Max Capacity: 4084M
 Pre-touch: Disabled
 Parallel Workers: 10
 Concurrent Workers: 3
 Concurrent Refinement Workers: 10
 Periodic GC: Disabled

Heap:
 garbage-first heap   total 262144K, used 29337K [0x0000000700c00000, 0x0000000800000000)
  region size 2048K, 16 young (32768K), 2 survivors (4096K)
 Metaspace       used 13498K, capacity 13708K, committed 13952K, reserved 1062912K
  class space    used 964K, capacity 1031K, committed 1152K, reserved 1048576K

Heap Regions: E=young(eden), S=young(survivor), O=old, HS=humongous(starts), HC=humongous(continues), CS=collection set, F=free, OA=open archive, CA=closed archive, TAMS=top-at-mark-start (previous, next)
|   0|0x0000000700c00000, 0x0000000700c00000, 0x0000000700e00000|  0%| F|  |TAMS 0x0000000700c00000, 0x0000000700c00000| Untracked 
|   1|0x0000000700e00000, 0x0000000700e00000, 0x0000000701000000|  0%| F|  |TAMS 0x0000000700e00000, 0x0000000700e00000| Untracked 
|   2|0x0000000701000000, 0x0000000701000000, 0x0000000701200000|  0%| F|  |TAMS 0x0000000701000000, 0x0000000701000000| Untracked 
|   3|0x0000000701200000, 0x0000000701200000, 0x0000000701400000|  0%| F|  |TAMS 0x0000000701200000, 0x0000000701200000| Untracked 
|   4|0x0000000701400000, 0x0000000701400000, 0x0000000701600000|  0%| F|  |TAMS 0x0000000701400000, 0x0000000701400000| Untracked 
|   5|0x0000000701600000, 0x0000000701600000, 0x0000000701800000|  0%| F|  |TAMS 0x0000000701600000, 0x0000000701600000| Untracked 
|   6|0x0000000701800000, 0x0000000701800000, 0x0000000701a00000|  0%| F|  |TAMS 0x0000000701800000, 0x0000000701800000| Untracked 
|   7|0x0000000701a00000, 0x0000000701a00000, 0x0000000701c00000|  0%| F|  |TAMS 0x0000000701a00000, 0x0000000701a00000| Untracked 
|   8|0x0000000701c00000, 0x0000000701c00000, 0x0000000701e00000|  0%| F|  |TAMS 0x0000000701c00000, 0x0000000701c00000| Untracked 
|   9|0x0000000701e00000, 0x0000000701e00000, 0x0000000702000000|  0%| F|  |TAMS 0x0000000701e00000, 0x0000000701e00000| Untracked 
|  10|0x0000000702000000, 0x0000000702000000, 0x0000000702200000|  0%| F|  |TAMS 0x0000000702000000, 0x0000000702000000| Untracked 
|  11|0x0000000702200000, 0x0000000702200000, 0x0000000702400000|  0%| F|  |TAMS 0x0000000702200000, 0x0000000702200000| Untracked 
|  12|0x0000000702400000, 0x0000000702400000, 0x0000000702600000|  0%| F|  |TAMS 0x0000000702400000, 0x0000000702400000| Untracked 
|  13|0x0000000702600000, 0x0000000702600000, 0x0000000702800000|  0%| F|  |TAMS 0x0000000702600000, 0x0000000702600000| Untracked 
|  14|0x0000000702800000, 0x0000000702800000, 0x0000000702a00000|  0%| F|  |TAMS 0x0000000702800000, 0x0000000702800000| Untracked 
|  15|0x0000000702a00000, 0x0000000702a00000, 0x0000000702c00000|  0%| F|  |TAMS 0x0000000702a00000, 0x0000000702a00000| Untracked 
|  16|0x0000000702c00000, 0x0000000702c00000, 0x0000000702e00000|  0%| F|  |TAMS 0x0000000702c00000, 0x0000000702c00000| Untracked 
|  17|0x0000000702e00000, 0x0000000702e00000, 0x0000000703000000|  0%| F|  |TAMS 0x0000000702e00000, 0x0000000702e00000| Untracked 
|  18|0x0000000703000000, 0x0000000703000000, 0x0000000703200000|  0%| F|  |TAMS 0x0000000703000000, 0x0000000703000000| Untracked 
|  19|0x0000000703200000, 0x0000000703200000, 0x0000000703400000|  0%| F|  |TAMS 0x0000000703200000, 0x0000000703200000| Untracked 
|  20|0x0000000703400000, 0x0000000703400000, 0x0000000703600000|  0%| F|  |TAMS 0x0000000703400000, 0x0000000703400000| Untracked 
|  21|0x0000000703600000, 0x0000000703600000, 0x0000000703800000|  0%| F|  |TAMS 0x0000000703600000, 0x0000000703600000| Untracked 
|  22|0x0000000703800000, 0x0000000703800000, 0x0000000703a00000|  0%| F|  |TAMS 0x0000000703800000, 0x0000000703800000| Untracked 
|  23|0x0000000703a00000, 0x0000000703a00000, 0x0000000703c00000|  0%| F|  |TAMS 0x0000000703a00000, 0x0000000703a00000| Untracked 
|  24|0x0000000703c00000, 0x0000000703c00000, 0x0000000703e00000|  0%| F|  |TAMS 0x0000000703c00000, 0x0000000703c00000| Untracked 
|  25|0x0000000703e00000, 0x0000000703e00000, 0x0000000704000000|  0%| F|  |TAMS 0x0000000703e00000, 0x0000000703e00000| Untracked 
|  26|0x0000000704000000, 0x0000000704000000, 0x0000000704200000|  0%| F|  |TAMS 0x0000000704000000, 0x0000000704000000| Untracked 
|  27|0x0000000704200000, 0x0000000704200000, 0x0000000704400000|  0%| F|  |TAMS 0x0000000704200000, 0x0000000704200000| Untracked 
|  28|0x0000000704400000, 0x0000000704400000, 0x0000000704600000|  0%| F|  |TAMS 0x0000000704400000, 0x0000000704400000| Untracked 
|  29|0x0000000704600000, 0x0000000704600000, 0x0000000704800000|  0%| F|  |TAMS 0x0000000704600000, 0x0000000704600000| Untracked 
|  30|0x0000000704800000, 0x0000000704800000, 0x0000000704a00000|  0%| F|  |TAMS 0x0000000704800000, 0x0000000704800000| Untracked 
|  31|0x0000000704a00000, 0x0000000704a00000, 0x0000000704c00000|  0%| F|  |TAMS 0x0000000704a00000, 0x0000000704a00000| Untracked 
|  32|0x0000000704c00000, 0x0000000704c00000, 0x0000000704e00000|  0%| F|  |TAMS 0x0000000704c00000, 0x0000000704c00000| Untracked 
|  33|0x0000000704e00000, 0x0000000704e00000, 0x0000000705000000|  0%| F|  |TAMS 0x0000000704e00000, 0x0000000704e00000| Untracked 
|  34|0x0000000705000000, 0x0000000705000000, 0x0000000705200000|  0%| F|  |TAMS 0x0000000705000000, 0x0000000705000000| Untracked 
|  35|0x0000000705200000, 0x0000000705200000, 0x0000000705400000|  0%| F|  |TAMS 0x0000000705200000, 0x0000000705200000| Untracked 
|  36|0x0000000705400000, 0x0000000705400000, 0x0000000705600000|  0%| F|  |TAMS 0x0000000705400000, 0x0000000705400000| Untracked 
|  37|0x0000000705600000, 0x0000000705600000, 0x0000000705800000|  0%| F|  |TAMS 0x0000000705600000, 0x0000000705600000| Untracked 
|  38|0x0000000705800000, 0x0000000705800000, 0x0000000705a00000|  0%| F|  |TAMS 0x0000000705800000, 0x0000000705800000| Untracked 
|  39|0x0000000705a00000, 0x0000000705a00000, 0x0000000705c00000|  0%| F|  |TAMS 0x0000000705a00000, 0x0000000705a00000| Untracked 
|  40|0x0000000705c00000, 0x0000000705c00000, 0x0000000705e00000|  0%| F|  |TAMS 0x0000000705c00000, 0x0000000705c00000| Untracked 
|  41|0x0000000705e00000, 0x0000000705e00000, 0x0000000706000000|  0%| F|  |TAMS 0x0000000705e00000, 0x0000000705e00000| Untracked 
|  42|0x0000000706000000, 0x0000000706000000, 0x0000000706200000|  0%| F|  |TAMS 0x0000000706000000, 0x0000000706000000| Untracked 
|  43|0x0000000706200000, 0x0000000706200000, 0x0000000706400000|  0%| F|  |TAMS 0x0000000706200000, 0x0000000706200000| Untracked 
|  44|0x0000000706400000, 0x0000000706400000, 0x0000000706600000|  0%| F|  |TAMS 0x0000000706400000, 0x0000000706400000| Untracked 
|  45|0x0000000706600000, 0x0000000706600000, 0x0000000706800000|  0%| F|  |TAMS 0x0000000706600000, 0x0000000706600000| Untracked 
|  46|0x0000000706800000, 0x0000000706800000, 0x0000000706a00000|  0%| F|  |TAMS 0x0000000706800000, 0x0000000706800000| Untracked 
|  47|0x0000000706a00000, 0x0000000706a00000, 0x0000000706c00000|  0%| F|  |TAMS 0x0000000706a00000, 0x0000000706a00000| Untracked 
|  48|0x0000000706c00000, 0x0000000706c00000, 0x0000000706e00000|  0%| F|  |TAMS 0x0000000706c00000, 0x0000000706c00000| Untracked 
|  49|0x0000000706e00000, 0x0000000706e00000, 0x0000000707000000|  0%| F|  |TAMS 0x0000000706e00000, 0x0000000706e00000| Untracked 
|  50|0x0000000707000000, 0x0000000707000000, 0x0000000707200000|  0%| F|  |TAMS 0x0000000707000000, 0x0000000707000000| Untracked 
|  51|0x0000000707200000, 0x0000000707200000, 0x0000000707400000|  0%| F|  |TAMS 0x0000000707200000, 0x0000000707200000| Untracked 
|  52|0x0000000707400000, 0x0000000707400000, 0x0000000707600000|  0%| F|  |TAMS 0x0000000707400000, 0x0000000707400000| Untracked 
|  53|0x0000000707600000, 0x0000000707600000, 0x0000000707800000|  0%| F|  |TAMS 0x0000000707600000, 0x0000000707600000| Untracked 
|  54|0x0000000707800000, 0x0000000707800000, 0x0000000707a00000|  0%| F|  |TAMS 0x0000000707800000, 0x0000000707800000| Untracked 
|  55|0x0000000707a00000, 0x0000000707a00000, 0x0000000707c00000|  0%| F|  |TAMS 0x0000000707a00000, 0x0000000707a00000| Untracked 
|  56|0x0000000707c00000, 0x0000000707c00000, 0x0000000707e00000|  0%| F|  |TAMS 0x0000000707c00000, 0x0000000707c00000| Untracked 
|  57|0x0000000707e00000, 0x0000000707e00000, 0x0000000708000000|  0%| F|  |TAMS 0x0000000707e00000, 0x0000000707e00000| Untracked 
|  58|0x0000000708000000, 0x0000000708000000, 0x0000000708200000|  0%| F|  |TAMS 0x0000000708000000, 0x0000000708000000| Untracked 
|  59|0x0000000708200000, 0x0000000708200000, 0x0000000708400000|  0%| F|  |TAMS 0x0000000708200000, 0x0000000708200000| Untracked 
|  60|0x0000000708400000, 0x0000000708400000, 0x0000000708600000|  0%| F|  |TAMS 0x0000000708400000, 0x0000000708400000| Untracked 
|  61|0x0000000708600000, 0x0000000708600000, 0x0000000708800000|  0%| F|  |TAMS 0x0000000708600000, 0x0000000708600000| Untracked 
|  62|0x0000000708800000, 0x0000000708800000, 0x0000000708a00000|  0%| F|  |TAMS 0x0000000708800000, 0x0000000708800000| Untracked 
|  63|0x0000000708a00000, 0x0000000708a00000, 0x0000000708c00000|  0%| F|  |TAMS 0x0000000708a00000, 0x0000000708a00000| Untracked 
|  64|0x0000000708c00000, 0x0000000708c00000, 0x0000000708e00000|  0%| F|  |TAMS 0x0000000708c00000, 0x0000000708c00000| Untracked 
|  65|0x0000000708e00000, 0x0000000708e00000, 0x0000000709000000|  0%| F|  |TAMS 0x0000000708e00000, 0x0000000708e00000| Untracked 
|  66|0x0000000709000000, 0x0000000709000000, 0x0000000709200000|  0%| F|  |TAMS 0x0000000709000000, 0x0000000709000000| Untracked 
|  67|0x0000000709200000, 0x0000000709200000, 0x0000000709400000|  0%| F|  |TAMS 0x0000000709200000, 0x0000000709200000| Untracked 
|  68|0x0000000709400000, 0x0000000709400000, 0x0000000709600000|  0%| F|  |TAMS 0x0000000709400000, 0x0000000709400000| Untracked 
|  69|0x0000000709600000, 0x0000000709600000, 0x0000000709800000|  0%| F|  |TAMS 0x0000000709600000, 0x0000000709600000| Untracked 
|  70|0x0000000709800000, 0x0000000709800000, 0x0000000709a00000|  0%| F|  |TAMS 0x0000000709800000, 0x0000000709800000| Untracked 
|  71|0x0000000709a00000, 0x0000000709a00000, 0x0000000709c00000|  0%| F|  |TAMS 0x0000000709a00000, 0x0000000709a00000| Untracked 
|  72|0x0000000709c00000, 0x0000000709c00000, 0x0000000709e00000|  0%| F|  |TAMS 0x0000000709c00000, 0x0000000709c00000| Untracked 
|  73|0x0000000709e00000, 0x0000000709e00000, 0x000000070a000000|  0%| F|  |TAMS 0x0000000709e00000, 0x0000000709e00000| Untracked 
|  74|0x000000070a000000, 0x000000070a000000, 0x000000070a200000|  0%| F|  |TAMS 0x000000070a000000, 0x000000070a000000| Untracked 
|  75|0x000000070a200000, 0x000000070a200000, 0x000000070a400000|  0%| F|  |TAMS 0x000000070a200000, 0x000000070a200000| Untracked 
|  76|0x000000070a400000, 0x000000070a400000, 0x000000070a600000|  0%| F|  |TAMS 0x000000070a400000, 0x000000070a400000| Untracked 
|  77|0x000000070a600000, 0x000000070a600000, 0x000000070a800000|  0%| F|  |TAMS 0x000000070a600000, 0x000000070a600000| Untracked 
|  78|0x000000070a800000, 0x000000070a800000, 0x000000070aa00000|  0%| F|  |TAMS 0x000000070a800000, 0x000000070a800000| Untracked 
|  79|0x000000070aa00000, 0x000000070aa00000, 0x000000070ac00000|  0%| F|  |TAMS 0x000000070aa00000, 0x000000070aa00000| Untracked 
|  80|0x000000070ac00000, 0x000000070ac00000, 0x000000070ae00000|  0%| F|  |TAMS 0x000000070ac00000, 0x000000070ac00000| Untracked 
|  81|0x000000070ae00000, 0x000000070ae00000, 0x000000070b000000|  0%| F|  |TAMS 0x000000070ae00000, 0x000000070ae00000| Untracked 
|  82|0x000000070b000000, 0x000000070b000000, 0x000000070b200000|  0%| F|  |TAMS 0x000000070b000000, 0x000000070b000000| Untracked 
|  83|0x000000070b200000, 0x000000070b200000, 0x000000070b400000|  0%| F|  |TAMS 0x000000070b200000, 0x000000070b200000| Untracked 
|  84|0x000000070b400000, 0x000000070b400000, 0x000000070b600000|  0%| F|  |TAMS 0x000000070b400000, 0x000000070b400000| Untracked 
|  85|0x000000070b600000, 0x000000070b600000, 0x000000070b800000|  0%| F|  |TAMS 0x000000070b600000, 0x000000070b600000| Untracked 
|  86|0x000000070b800000, 0x000000070b800000, 0x000000070ba00000|  0%| F|  |TAMS 0x000000070b800000, 0x000000070b800000| Untracked 
|  87|0x000000070ba00000, 0x000000070ba00000, 0x000000070bc00000|  0%| F|  |TAMS 0x000000070ba00000, 0x000000070ba00000| Untracked 
|  88|0x000000070bc00000, 0x000000070bc00000, 0x000000070be00000|  0%| F|  |TAMS 0x000000070bc00000, 0x000000070bc00000| Untracked 
|  89|0x000000070be00000, 0x000000070be00000, 0x000000070c000000|  0%| F|  |TAMS 0x000000070be00000, 0x000000070be00000| Untracked 
|  90|0x000000070c000000, 0x000000070c000000, 0x000000070c200000|  0%| F|  |TAMS 0x000000070c000000, 0x000000070c000000| Untracked 
|  91|0x000000070c200000, 0x000000070c200000, 0x000000070c400000|  0%| F|  |TAMS 0x000000070c200000, 0x000000070c200000| Untracked 
|  92|0x000000070c400000, 0x000000070c400000, 0x000000070c600000|  0%| F|  |TAMS 0x000000070c400000, 0x000000070c400000| Untracked 
|  93|0x000000070c600000, 0x000000070c600000, 0x000000070c800000|  0%| F|  |TAMS 0x000000070c600000, 0x000000070c600000| Untracked 
|  94|0x000000070c800000, 0x000000070c800000, 0x000000070ca00000|  0%| F|  |TAMS 0x000000070c800000, 0x000000070c800000| Untracked 
|  95|0x000000070ca00000, 0x000000070ca00000, 0x000000070cc00000|  0%| F|  |TAMS 0x000000070ca00000, 0x000000070ca00000| Untracked 
|  96|0x000000070cc00000, 0x000000070cc00000, 0x000000070ce00000|  0%| F|  |TAMS 0x000000070cc00000, 0x000000070cc00000| Untracked 
|  97|0x000000070ce00000, 0x000000070ce00000, 0x000000070d000000|  0%| F|  |TAMS 0x000000070ce00000, 0x000000070ce00000| Untracked 
|  98|0x000000070d000000, 0x000000070d000000, 0x000000070d200000|  0%| F|  |TAMS 0x000000070d000000, 0x000000070d000000| Untracked 
|  99|0x000000070d200000, 0x000000070d200000, 0x000000070d400000|  0%| F|  |TAMS 0x000000070d200000, 0x000000070d200000| Untracked 
| 100|0x000000070d400000, 0x000000070d400000, 0x000000070d600000|  0%| F|  |TAMS 0x000000070d400000, 0x000000070d400000| Untracked 
| 101|0x000000070d600000, 0x000000070d600000, 0x000000070d800000|  0%| F|  |TAMS 0x000000070d600000, 0x000000070d600000| Untracked 
| 102|0x000000070d800000, 0x000000070d800000, 0x000000070da00000|  0%| F|  |TAMS 0x000000070d800000, 0x000000070d800000| Untracked 
| 103|0x000000070da00000, 0x000000070da00000, 0x000000070dc00000|  0%| F|  |TAMS 0x000000070da00000, 0x000000070da00000| Untracked 
| 104|0x000000070dc00000, 0x000000070dc00000, 0x000000070de00000|  0%| F|  |TAMS 0x000000070dc00000, 0x000000070dc00000| Untracked 
| 105|0x000000070de00000, 0x000000070de00000, 0x000000070e000000|  0%| F|  |TAMS 0x000000070de00000, 0x000000070de00000| Untracked 
| 106|0x000000070e000000, 0x000000070e000000, 0x000000070e200000|  0%| F|  |TAMS 0x000000070e000000, 0x000000070e000000| Untracked 
| 107|0x000000070e200000, 0x000000070e200000, 0x000000070e400000|  0%| F|  |TAMS 0x000000070e200000, 0x000000070e200000| Untracked 
| 108|0x000000070e400000, 0x000000070e400000, 0x000000070e600000|  0%| F|  |TAMS 0x000000070e400000, 0x000000070e400000| Untracked 
| 109|0x000000070e600000, 0x000000070e600000, 0x000000070e800000|  0%| F|  |TAMS 0x000000070e600000, 0x000000070e600000| Untracked 
| 110|0x000000070e800000, 0x000000070e800000, 0x000000070ea00000|  0%| F|  |TAMS 0x000000070e800000, 0x000000070e800000| Untracked 
| 111|0x000000070ea00000, 0x000000070ea00000, 0x000000070ec00000|  0%| F|  |TAMS 0x000000070ea00000, 0x000000070ea00000| Untracked 
| 112|0x000000070ec00000, 0x000000070ec83168, 0x000000070ee00000| 25%| E|  |TAMS 0x000000070ec00000, 0x000000070ec00000| Complete 
| 113|0x000000070ee00000, 0x000000070f000000, 0x000000070f000000|100%| E|CS|TAMS 0x000000070ee00000, 0x000000070ee00000| Complete 
| 114|0x000000070f000000, 0x000000070f200000, 0x000000070f200000|100%| E|CS|TAMS 0x000000070f000000, 0x000000070f000000| Complete 
| 115|0x000000070f200000, 0x000000070f2a6590, 0x000000070f400000| 32%| S|CS|TAMS 0x000000070f200000, 0x000000070f200000| Complete 
| 116|0x000000070f400000, 0x000000070f600000, 0x000000070f600000|100%| S|CS|TAMS 0x000000070f400000, 0x000000070f400000| Complete 
| 117|0x000000070f600000, 0x000000070f800000, 0x000000070f800000|100%| E|CS|TAMS 0x000000070f600000, 0x000000070f600000| Complete 
| 118|0x000000070f800000, 0x000000070fa00000, 0x000000070fa00000|100%| E|CS|TAMS 0x000000070f800000, 0x000000070f800000| Complete 
| 119|0x000000070fa00000, 0x000000070fc00000, 0x000000070fc00000|100%| E|CS|TAMS 0x000000070fa00000, 0x000000070fa00000| Complete 
| 120|0x000000070fc00000, 0x000000070fe00000, 0x000000070fe00000|100%| E|CS|TAMS 0x000000070fc00000, 0x000000070fc00000| Complete 
| 121|0x000000070fe00000, 0x0000000710000000, 0x0000000710000000|100%| E|CS|TAMS 0x000000070fe00000, 0x000000070fe00000| Complete 
| 122|0x0000000710000000, 0x0000000710200000, 0x0000000710200000|100%| E|CS|TAMS 0x0000000710000000, 0x0000000710000000| Complete 
| 123|0x0000000710200000, 0x0000000710400000, 0x0000000710400000|100%| E|CS|TAMS 0x0000000710200000, 0x0000000710200000| Complete 
| 124|0x0000000710400000, 0x0000000710600000, 0x0000000710600000|100%| E|CS|TAMS 0x0000000710400000, 0x0000000710400000| Complete 
| 125|0x0000000710600000, 0x0000000710800000, 0x0000000710800000|100%| E|CS|TAMS 0x0000000710600000, 0x0000000710600000| Complete 
| 126|0x0000000710800000, 0x0000000710a00000, 0x0000000710a00000|100%| E|CS|TAMS 0x0000000710800000, 0x0000000710800000| Complete 
| 127|0x0000000710a00000, 0x0000000710c00000, 0x0000000710c00000|100%| E|CS|TAMS 0x0000000710a00000, 0x0000000710a00000| Complete 

Card table byte_map: [0x000001fe68e00000,0x000001fe69600000] _byte_map_base: 0x000001fe655fa000

Marking Bits (Prev, Next): (CMBitMap*) 0x000001fe50eb6790, (CMBitMap*) 0x000001fe50eb67d0
 Prev Bits: [0x000001fe69e00000, 0x000001fe6ddd0000)
 Next Bits: [0x000001fe6ddd0000, 0x000001fe71da0000)

Polling page: 0x000001fe50640000

Metaspace:

Usage:
  Non-class:     12.38 MB capacity,    12.24 MB ( 99%) used,   128.69 KB (  1%) free+waste,    14.50 KB ( <1%) overhead. 
      Class:      1.01 MB capacity,   964.69 KB ( 94%) used,    62.00 KB (  6%) free+waste,     4.31 KB ( <1%) overhead. 
       Both:     13.39 MB capacity,    13.18 MB ( 98%) used,   190.69 KB (  1%) free+waste,    18.81 KB ( <1%) overhead. 

Virtual space:
  Non-class space:       14.00 MB reserved,      12.50 MB ( 89%) committed 
      Class space:        1.00 GB reserved,       1.12 MB ( <1%) committed 
             Both:        1.01 GB reserved,      13.62 MB (  1%) committed 

Chunk freelists:
   Non-Class:  123.00 KB
       Class:  25.00 KB
        Both:  148.00 KB

MaxMetaspaceSize: 17179869184.00 GB
CompressedClassSpaceSize: 1.00 GB

CodeHeap 'non-profiled nmethods': size=120000Kb used=798Kb max_used=798Kb free=119202Kb
 bounds [0x000001fe60b70000, 0x000001fe60de0000, 0x000001fe680a0000]
CodeHeap 'profiled nmethods': size=120000Kb used=3454Kb max_used=3454Kb free=116545Kb
 bounds [0x000001fe59640000, 0x000001fe599a0000, 0x000001fe60b70000]
CodeHeap 'non-nmethods': size=5760Kb used=1632Kb max_used=1682Kb free=4128Kb
 bounds [0x000001fe590a0000, 0x000001fe59310000, 0x000001fe59640000]
 total_blobs=2677 nmethods=1760 adapters=830
 compilation: enabled
              stopped_count=0, restarted_count=0
 full_count=0

Compilation events (20 events):
Event: 30.337 Thread 0x000001fe74a1fde0 1751       4       processing.opengl.PGraphicsOpenGL::flush (310 bytes)
Event: 30.492 Thread 0x000001fe74a1fde0 nmethod 1751 0x000001fe60c26e90 code [0x000001fe60c27400, 0x000001fe60c30730]
Event: 30.492 Thread 0x000001fe74a1fde0 1752   !   4       processing.core.PApplet::handleMethods (36 bytes)
Event: 30.499 Thread 0x000001fe74a1fde0 nmethod 1752 0x000001fe60c34f90 code [0x000001fe60c35140, 0x000001fe60c35d38]
Event: 30.742 Thread 0x000001fe74a27fd0 1755       3       java.lang.Long::<init> (10 bytes)
Event: 30.743 Thread 0x000001fe74a27fd0 nmethod 1755 0x000001fe5999eb90 code [0x000001fe5999ed40, 0x000001fe5999eef8]
Event: 30.743 Thread 0x000001fe74a27fd0 1753       1       processing.event.KeyEvent::getKey (5 bytes)
Event: 30.743 Thread 0x000001fe74a27fd0 nmethod 1753 0x000001fe60c36410 code [0x000001fe60c365a0, 0x000001fe60c36658]
Event: 30.743 Thread 0x000001fe74a27fd0 1754       1       processing.event.KeyEvent::getKeyCode (5 bytes)
Event: 30.743 Thread 0x000001fe74a27fd0 nmethod 1754 0x000001fe60c36710 code [0x000001fe60c368a0, 0x000001fe60c36958]
Event: 31.054 Thread 0x000001fe74a1fde0 1756       4       processing.opengl.PJOGL::uniformMatrix4fv (15 bytes)
Event: 31.055 Thread 0x000001fe74a1fde0 nmethod 1756 0x000001fe60c36a10 code [0x000001fe60c36ba0, 0x000001fe60c36de8]
Event: 31.383 Thread 0x000001fe74a1fde0 1757       4       processing.opengl.PGraphicsOpenGL$TexCache::clear (24 bytes)
Event: 31.384 Thread 0x000001fe74a1fde0 nmethod 1757 0x000001fe60c37090 code [0x000001fe60c37220, 0x000001fe60c373b8]
Event: 31.726 Thread 0x000001fe74a27fd0 1758       3       processing.opengl.PGraphicsOpenGL::unbindLineBuffers (23 bytes)
Event: 31.726 Thread 0x000001fe74a27fd0 nmethod 1758 0x000001fe5999f010 code [0x000001fe5999f1c0, 0x000001fe5999f4b8]
Event: 35.287 Thread 0x000001fe74a1fde0 1759       4       java.lang.String::toLowerCase (29 bytes)
Event: 35.288 Thread 0x000001fe74a1fde0 nmethod 1759 0x000001fe60c37510 code [0x000001fe60c376a0, 0x000001fe60c37768]
Event: 37.260 Thread 0x000001fe74a27fd0 1760       3       java.nio.charset.CoderResult::isUnderflow (13 bytes)
Event: 37.260 Thread 0x000001fe74a27fd0 nmethod 1760 0x000001fe5999f590 code [0x000001fe5999f720, 0x000001fe5999f878]

GC Heap History (2 events):
Event: 0.899 GC heap before
{Heap before GC invocations=0 (full 0):
 garbage-first heap   total 262144K, used 22528K [0x0000000700c00000, 0x0000000800000000)
  region size 2048K, 11 young (22528K), 0 survivors (0K)
 Metaspace       used 11940K, capacity 12140K, committed 12544K, reserved 1060864K
  class space    used 880K, capacity 935K, committed 1024K, reserved 1048576K
}
Event: 0.905 GC heap after
{Heap after GC invocations=1 (full 0):
 garbage-first heap   total 262144K, used 2713K [0x0000000700c00000, 0x0000000800000000)
  region size 2048K, 2 young (4096K), 2 survivors (4096K)
 Metaspace       used 11940K, capacity 12140K, committed 12544K, reserved 1060864K
  class space    used 880K, capacity 935K, committed 1024K, reserved 1048576K
}

Deoptimization events (20 events):
Event: 37.590 Thread 0x000001fe75dae450 DEOPT PACKING pc=0x000001fe59939761 sp=0x000000f7291fe380
Event: 37.590 Thread 0x000001fe75dae450 DEOPT UNPACKING pc=0x000001fe590ee23f sp=0x000000f7291fd870 mode 1
Event: 37.590 Thread 0x000001fe75dae450 DEOPT PACKING pc=0x000001fe598ee644 sp=0x000000f7291fe410
Event: 37.590 Thread 0x000001fe75dae450 DEOPT UNPACKING pc=0x000001fe590ee23f sp=0x000000f7291fd8c0 mode 1
Event: 37.631 Thread 0x000001fe75dae450 DEOPT PACKING pc=0x000001fe59939761 sp=0x000000f7291fe380
Event: 37.631 Thread 0x000001fe75dae450 DEOPT UNPACKING pc=0x000001fe590ee23f sp=0x000000f7291fd870 mode 1
Event: 37.631 Thread 0x000001fe75dae450 DEOPT PACKING pc=0x000001fe598ee644 sp=0x000000f7291fe410
Event: 37.631 Thread 0x000001fe75dae450 DEOPT UNPACKING pc=0x000001fe590ee23f sp=0x000000f7291fd8c0 mode 1
Event: 37.672 Thread 0x000001fe75dae450 DEOPT PACKING pc=0x000001fe59939761 sp=0x000000f7291fe380
Event: 37.672 Thread 0x000001fe75dae450 DEOPT UNPACKING pc=0x000001fe590ee23f sp=0x000000f7291fd870 mode 1
Event: 37.672 Thread 0x000001fe75dae450 DEOPT PACKING pc=0x000001fe598ee644 sp=0x000000f7291fe410
Event: 37.672 Thread 0x000001fe75dae450 DEOPT UNPACKING pc=0x000001fe590ee23f sp=0x000000f7291fd8c0 mode 1
Event: 37.713 Thread 0x000001fe75dae450 DEOPT PACKING pc=0x000001fe59939761 sp=0x000000f7291fe380
Event: 37.713 Thread 0x000001fe75dae450 DEOPT UNPACKING pc=0x000001fe590ee23f sp=0x000000f7291fd870 mode 1
Event: 37.713 Thread 0x000001fe75dae450 DEOPT PACKING pc=0x000001fe598ee644 sp=0x000000f7291fe410
Event: 37.713 Thread 0x000001fe75dae450 DEOPT UNPACKING pc=0x000001fe590ee23f sp=0x000000f7291fd8c0 mode 1
Event: 37.754 Thread 0x000001fe75dae450 DEOPT PACKING pc=0x000001fe59939761 sp=0x000000f7291fe380
Event: 37.754 Thread 0x000001fe75dae450 DEOPT UNPACKING pc=0x000001fe590ee23f sp=0x000000f7291fd870 mode 1
Event: 37.754 Thread 0x000001fe75dae450 DEOPT PACKING pc=0x000001fe598ee644 sp=0x000000f7291fe410
Event: 37.754 Thread 0x000001fe75dae450 DEOPT UNPACKING pc=0x000001fe590ee23f sp=0x000000f7291fd8c0 mode 1

Classes unloaded (0 events):
No events

Classes redefined (0 events):
No events

Internal exceptions (15 events):
Event: 0.082 Thread 0x000001fe50e69f70 Exception <a 'java/lang/ClassNotFoundException'{0x000000071083f708}: sun/awt/resources/spi/awtProvider> (0x000000071083f708) 
thrown [./open/src/hotspot/share/classfile/systemDictionary.cpp, line 295]
Event: 0.096 Thread 0x000001fe50e69f70 Exception <a 'java/io/FileNotFoundException'{0x0000000710898d58}> (0x0000000710898d58) 
thrown [./open/src/hotspot/share/prims/jni.cpp, line 578]
Event: 0.101 Thread 0x000001fe50e69f70 Exception <a 'java/io/FileNotFoundException'{0x00000007108c75f0}> (0x00000007108c75f0) 
thrown [./open/src/hotspot/share/prims/jni.cpp, line 578]
Event: 0.102 Thread 0x000001fe50e69f70 Exception <a 'java/lang/NoSuchMethodError'{0x00000007108c8868}: 'java.lang.Object java.lang.invoke.DirectMethodHandle$Holder.invokeStatic(java.lang.Object)'> (0x00000007108c8868) 
thrown [./open/src/hotspot/share/interpreter/linkResolver.cpp, line 782]
Event: 0.104 Thread 0x000001fe50e69f70 Exception <a 'java/lang/NoSuchMethodError'{0x00000007108d2998}: 'void java.lang.invoke.DirectMethodHandle$Holder.invokeSpecial(java.lang.Object, java.lang.Object, java.lang.Object)'> (0x00000007108d2998) 
thrown [./open/src/hotspot/share/interpreter/linkResolver.cpp, line 782]
Event: 0.126 Thread 0x000001fe50e69f70 Exception <a 'java/lang/NoSuchMethodError'{0x0000000710966f98}: 'java.lang.Object java.lang.invoke.DirectMethodHandle$Holder.invokeStaticInit(java.lang.Object)'> (0x0000000710966f98) 
thrown [./open/src/hotspot/share/interpreter/linkResolver.cpp, line 782]
Event: 0.262 Thread 0x000001fe50e69f70 Exception <a 'java/lang/NoSuchMethodError'{0x0000000710235a68}: 'void java.lang.invoke.DirectMethodHandle$Holder.invokeStatic(java.lang.Object, java.lang.Object)'> (0x0000000710235a68) 
thrown [./open/src/hotspot/share/interpreter/linkResolver.cpp, line 782]
Event: 0.262 Thread 0x000001fe50e69f70 Exception <a 'java/lang/NoSuchMethodError'{0x0000000710239470}: 'void java.lang.invoke.DirectMethodHandle$Holder.invokeStaticInit(java.lang.Object, java.lang.Object)'> (0x0000000710239470) 
thrown [./open/src/hotspot/share/interpreter/linkResolver.cpp, line 782]
Event: 0.267 Thread 0x000001fe50e69f70 Exception <a 'java/lang/NoSuchMethodError'{0x00000007102663d8}: 'java.lang.Object java.lang.invoke.DirectMethodHandle$Holder.invokeStaticInit(java.lang.Object, int, int, int, int)'> (0x00000007102663d8) 
thrown [./open/src/hotspot/share/interpreter/linkResolver.cpp, line 782]
Event: 0.295 Thread 0x000001fe50e69f70 Exception <a 'java/lang/NoSuchMethodError'{0x0000000710292758}: 'java.lang.Object java.lang.invoke.DirectMethodHandle$Holder.invokeStaticInit(java.lang.Object, java.lang.Object, int, int, int, int)'> (0x0000000710292758) 
thrown [./open/src/hotspot/share/interpreter/linkResolver.cpp, line 782]
Event: 0.320 Thread 0x000001fe50e69f70 Exception <a 'java/lang/NoSuchMethodError'{0x00000007102b0ff0}: 'void java.lang.invoke.DirectMethodHandle$Holder.invokeStatic(java.lang.Object, long)'> (0x00000007102b0ff0) 
thrown [./open/src/hotspot/share/interpreter/linkResolver.cpp, line 782]
Event: 0.320 Thread 0x000001fe50e69f70 Exception <a 'java/lang/NoSuchMethodError'{0x00000007102b6858}: 'java.lang.Object java.lang.invoke.DirectMethodHandle$Holder.newInvokeSpecial(java.lang.Object, long)'> (0x00000007102b6858) 
thrown [./open/src/hotspot/share/interpreter/linkResolver.cpp, line 782]
Event: 0.321 Thread 0x000001fe50e69f70 Exception <a 'java/lang/NoSuchMethodError'{0x00000007102c1010}: 'java.lang.Object java.lang.invoke.DirectMethodHandle$Holder.invokeStaticInit(java.lang.Object, java.lang.Object, long, java.lang.Object)'> (0x00000007102c1010) 
thrown [./open/src/hotspot/share/interpreter/linkResolver.cpp, line 782]
Event: 0.321 Thread 0x000001fe50e69f70 Exception <a 'java/lang/NoSuchMethodError'{0x00000007102c7a28}: 'java.lang.Object java.lang.invoke.DirectMethodHandle$Holder.newInvokeSpecial(java.lang.Object, java.lang.Object, long)'> (0x00000007102c7a28) 
thrown [./open/src/hotspot/share/interpreter/linkResolver.cpp, line 782]
Event: 0.322 Thread 0x000001fe50e69f70 Exception <a 'java/lang/NoSuchMethodError'{0x00000007102cb798}: 'java.lang.Object java.lang.invoke.Invokers$Holder.linkToTargetMethod(java.lang.Object, long, java.lang.Object)'> (0x00000007102cb798) 
thrown [./open/src/hotspot/share/interpreter/linkResolver.cpp, line 782]

Events (20 events):
Event: 1.395 loading class java/util/concurrent/locks/AbstractQueuedSynchronizer$ExclusiveNode done
Event: 1.395 Thread 0x000001fe75daf790 Thread exited: 0x000001fe75daf790
Event: 1.395 Thread 0x000001fe75daedf0 Thread exited: 0x000001fe75daedf0
Event: 2.186 Executing VM operation: HandshakeAllThreads
Event: 2.186 Executing VM operation: HandshakeAllThreads done
Event: 2.343 Loaded shared library C:\Program Files\Java\jdk-15\bin\java.dll
Event: 2.453 loading class jdk/internal/math/FDBigInteger
Event: 2.454 loading class jdk/internal/math/FDBigInteger done
Event: 3.152 Loaded shared library C:\Users\Matiss\AppData\Local\Temp\jogamp_0000\file_cache\jln16098701680496620349\jln187275933015782224\natives\windows-amd64\jogl_desktop.dll
Event: 4.483 Loaded shared library C:\Program Files\Java\jdk-15\bin\java.dll
Event: 4.662 Loaded shared library C:\Users\Matiss\AppData\Local\Temp\jogamp_0000\file_cache\jln16098701680496620349\jln187275933015782224\natives\windows-amd64\newt.dll
Event: 5.262 Loaded shared library C:\Users\Matiss\AppData\Local\Temp\jogamp_0000\file_cache\jln16098701680496620349\jln187275933015782224\natives\windows-amd64\nativewindow_win32.dll
Event: 5.264 Loaded shared library C:\Users\Matiss\AppData\Local\Temp\jogamp_0000\file_cache\jln16098701680496620349\jln187275933015782224\natives\windows-amd64\nativewindow_win32.dll
Event: 13.189 Executing VM operation: HandshakeAllThreads
Event: 13.189 Executing VM operation: HandshakeAllThreads done
Event: 13.676 Loaded shared library C:\Users\Matiss\AppData\Local\Temp\jogamp_0000\file_cache\jln16098701680496620349\jln187275933015782224\natives\windows-amd64\nativewindow_win32.dll
Event: 16.190 Executing VM operation: HandshakeAllThreads
Event: 16.190 Executing VM operation: HandshakeAllThreads done
Event: 23.192 Executing VM operation: HandshakeAllThreads
Event: 23.192 Executing VM operation: HandshakeAllThreads done


Dynamic libraries:
0x00007ff6b77d0000 - 0x00007ff6b77df000 	C:\Program Files\Java\jdk-15\bin\java.exe
0x00007ffc002b0000 - 0x00007ffc004a5000 	C:\WINDOWS\SYSTEM32\ntdll.dll
0x00007ffbff080000 - 0x00007ffbff13d000 	C:\WINDOWS\System32\KERNEL32.DLL
0x00007ffbfdc00000 - 0x00007ffbfdec8000 	C:\WINDOWS\System32\KERNELBASE.dll
0x00007ffbfd9f0000 - 0x00007ffbfdaf0000 	C:\WINDOWS\System32\ucrtbase.dll
0x00007ffbe4540000 - 0x00007ffbe4558000 	C:\Program Files\Java\jdk-15\bin\jli.dll
0x00007ffbe4470000 - 0x00007ffbe4489000 	C:\Program Files\Java\jdk-15\bin\VCRUNTIME140.dll
0x00007ffbfea70000 - 0x00007ffbfeb1c000 	C:\WINDOWS\System32\ADVAPI32.dll
0x00007ffbfeee0000 - 0x00007ffbfef7e000 	C:\WINDOWS\System32\msvcrt.dll
0x00007ffbfee40000 - 0x00007ffbfeedb000 	C:\WINDOWS\System32\sechost.dll
0x00007ffbfe4b0000 - 0x00007ffbfe5db000 	C:\WINDOWS\System32\RPCRT4.dll
0x00007ffbfe310000 - 0x00007ffbfe4b0000 	C:\WINDOWS\System32\USER32.dll
0x00007ffbe6410000 - 0x00007ffbe66aa000 	C:\WINDOWS\WinSxS\amd64_microsoft.windows.common-controls_6595b64144ccf1df_6.0.19041.844_none_ca00b6081b84eb1d\COMCTL32.dll
0x00007ffbfef90000 - 0x00007ffbfefba000 	C:\WINDOWS\System32\GDI32.dll
0x00007ffbfdfa0000 - 0x00007ffbfdfc2000 	C:\WINDOWS\System32\win32u.dll
0x00007ffbfdaf0000 - 0x00007ffbfdbfb000 	C:\WINDOWS\System32\gdi32full.dll
0x00007ffbf6710000 - 0x00007ffbf671a000 	C:\WINDOWS\SYSTEM32\VERSION.dll
0x00007ffbfded0000 - 0x00007ffbfdf6d000 	C:\WINDOWS\System32\msvcp_win.dll
0x00007ffbffa10000 - 0x00007ffbffa40000 	C:\WINDOWS\System32\IMM32.DLL
0x00007ffbeb540000 - 0x00007ffbeb54c000 	C:\Program Files\Java\jdk-15\bin\vcruntime140_1.dll
0x00007ffbd4fe0000 - 0x00007ffbd5071000 	C:\Program Files\Java\jdk-15\bin\msvcp140.dll
0x00007ffb8dba0000 - 0x00007ffb8e6fc000 	C:\Program Files\Java\jdk-15\bin\server\jvm.dll
0x00007ffbffa00000 - 0x00007ffbffa08000 	C:\WINDOWS\System32\PSAPI.DLL
0x00007ffbf66e0000 - 0x00007ffbf6707000 	C:\WINDOWS\SYSTEM32\WINMM.dll
0x00007ffbea770000 - 0x00007ffbea779000 	C:\WINDOWS\SYSTEM32\WSOCK32.dll
0x00007ffbff140000 - 0x00007ffbff1ab000 	C:\WINDOWS\System32\WS2_32.dll
0x00007ffbfb950000 - 0x00007ffbfb962000 	C:\WINDOWS\SYSTEM32\kernel.appcore.dll
0x00007ffbe9cb0000 - 0x00007ffbe9cba000 	C:\Program Files\Java\jdk-15\bin\jimage.dll
0x00007ffbf36e0000 - 0x00007ffbf38c4000 	C:\WINDOWS\SYSTEM32\DBGHELP.DLL
0x00007ffbe86f0000 - 0x00007ffbe871c000 	C:\WINDOWS\SYSTEM32\dbgcore.DLL
0x00007ffbfe130000 - 0x00007ffbfe1b0000 	C:\WINDOWS\System32\bcryptPrimitives.dll
0x00007ffbe88d0000 - 0x00007ffbe8909000 	C:\Program Files\Java\jdk-15\bin\jdwp.dll
0x00007ffbe3bb0000 - 0x00007ffbe3bd5000 	C:\Program Files\Java\jdk-15\bin\java.dll
0x00007ffbff280000 - 0x00007ffbff9c2000 	C:\WINDOWS\System32\SHELL32.dll
0x00007ffbfbb50000 - 0x00007ffbfc2e1000 	C:\WINDOWS\SYSTEM32\windows.storage.dll
0x00007ffbfe5e0000 - 0x00007ffbfe935000 	C:\WINDOWS\System32\combase.dll
0x00007ffbfd460000 - 0x00007ffbfd48c000 	C:\WINDOWS\SYSTEM32\Wldp.dll
0x00007ffbfeb20000 - 0x00007ffbfebce000 	C:\WINDOWS\System32\SHCORE.dll
0x00007ffbff020000 - 0x00007ffbff075000 	C:\WINDOWS\System32\shlwapi.dll
0x00007ffbfd930000 - 0x00007ffbfd94f000 	C:\WINDOWS\SYSTEM32\profapi.dll
0x00007ffbf9750000 - 0x00007ffbf975b000 	C:\Program Files\Java\jdk-15\bin\dt_socket.dll
0x00007ffbfce70000 - 0x00007ffbfceab000 	C:\WINDOWS\SYSTEM32\IPHLPAPI.DLL
0x00007ffbfd1d0000 - 0x00007ffbfd23a000 	C:\WINDOWS\system32\mswsock.dll
0x00007ffbfcec0000 - 0x00007ffbfcf8c000 	C:\WINDOWS\SYSTEM32\DNSAPI.dll
0x00007ffbfef80000 - 0x00007ffbfef88000 	C:\WINDOWS\System32\NSI.dll
0x00007ffbf66d0000 - 0x00007ffbf66da000 	C:\Windows\System32\rasadhlp.dll
0x00007ffbf61e0000 - 0x00007ffbf625f000 	C:\WINDOWS\System32\fwpuclnt.dll
0x00007ffbfdf70000 - 0x00007ffbfdf97000 	C:\WINDOWS\System32\bcrypt.dll
0x00007ffbe2e50000 - 0x00007ffbe2e69000 	C:\Program Files\Java\jdk-15\bin\net.dll
0x00007ffbf6950000 - 0x00007ffbf6a5b000 	C:\WINDOWS\SYSTEM32\WINHTTP.dll
0x00007ffbe1fb0000 - 0x00007ffbe1fc2000 	C:\Program Files\Java\jdk-15\bin\nio.dll
0x00007ffbdcfd0000 - 0x00007ffbdcfe8000 	C:\Program Files\Java\jdk-15\bin\zip.dll
0x00007ffb90ab0000 - 0x00007ffb90c30000 	C:\Program Files\Java\jdk-15\bin\awt.dll
0x00007ffbff1b0000 - 0x00007ffbff27d000 	C:\WINDOWS\System32\OLEAUT32.dll
0x00007ffbfb2c0000 - 0x00007ffbfb350000 	C:\WINDOWS\SYSTEM32\apphelp.dll
0x00007ffbfb470000 - 0x00007ffbfb50e000 	C:\WINDOWS\system32\uxtheme.dll
0x00007ffbfff90000 - 0x00007ffc000a5000 	C:\WINDOWS\System32\MSCTF.dll
0x00007ffc00140000 - 0x00007ffc0026a000 	C:\WINDOWS\System32\ole32.dll
0x00007ffbfb660000 - 0x00007ffbfb68f000 	C:\WINDOWS\system32\DWMAPI.DLL
0x00007ffbb5010000 - 0x00007ffbb5136000 	C:\WINDOWS\system32\opengl32.dll
0x00007ffbc1a60000 - 0x00007ffbc1a8c000 	C:\WINDOWS\SYSTEM32\GLU32.dll
0x00007ffbd5e60000 - 0x00007ffbd602e000 	C:\WINDOWS\system32\d3d9.dll
0x00007ffbf6720000 - 0x00007ffbf68fb000 	C:\WINDOWS\System32\DriverStore\FileRepository\u0365275.inf_amd64_136741f59e43f995\B364966\aticfx64.dll
0x00007ffbb2270000 - 0x00007ffbb22a3000 	C:\WINDOWS\System32\DriverStore\FileRepository\u0365275.inf_amd64_136741f59e43f995\B364966\atiu9p64.dll
0x00007ffba23d0000 - 0x00007ffba30f1000 	C:\WINDOWS\System32\DriverStore\FileRepository\u0365275.inf_amd64_136741f59e43f995\B364966\atiumd64.dll
0x0000000064880000 - 0x0000000065742000 	C:\WINDOWS\System32\DriverStore\FileRepository\u0365275.inf_amd64_136741f59e43f995\B364966\atiumd6a.dll
0x00007ffbfcfe0000 - 0x00007ffbfd02b000 	C:\WINDOWS\SYSTEM32\POWRPROF.dll
0x00007ffbfce50000 - 0x00007ffbfce62000 	C:\WINDOWS\SYSTEM32\UMPDC.dll
0x00007ffbf41d0000 - 0x00007ffbf4200000 	C:\WINDOWS\SYSTEM32\amdihk64.dll
0x00007ffbf6a60000 - 0x00007ffbf6a9b000 	C:\WINDOWS\SYSTEM32\dxcore.dll
0x00007ffbfdfd0000 - 0x00007ffbfe01e000 	C:\WINDOWS\System32\cfgmgr32.dll
0x00007ffbfd3a0000 - 0x00007ffbfd3b8000 	C:\WINDOWS\SYSTEM32\CRYPTSP.dll
0x00007ffbfcb00000 - 0x00007ffbfcb34000 	C:\WINDOWS\system32\rsaenh.dll
0x00007ffbfd8f0000 - 0x00007ffbfd91e000 	C:\WINDOWS\SYSTEM32\USERENV.dll
0x00007ffbfd3c0000 - 0x00007ffbfd3cc000 	C:\WINDOWS\SYSTEM32\CRYPTBASE.dll
0x00007ffbf8330000 - 0x00007ffbf8347000 	C:\WINDOWS\SYSTEM32\dhcpcsvc6.DLL
0x00007ffbf8230000 - 0x00007ffbf824d000 	C:\WINDOWS\SYSTEM32\dhcpcsvc.DLL
0x00000000637c0000 - 0x00000000637cd000 	C:\Users\Matiss\AppData\Local\Temp\jogamp_0000\file_cache\jln16098701680496620349\jln187275933015782224\natives\windows-amd64\gluegen-rt.dll
0x00007ffbf9740000 - 0x00007ffbf9747000 	C:\Program Files\Java\jdk-15\bin\jawt.dll
0x000000006a440000 - 0x000000006a44d000 	C:\Users\Matiss\AppData\Local\Temp\jogamp_0000\file_cache\jln16098701680496620349\jln187275933015782224\natives\windows-amd64\nativewindow_awt.dll
0x000000006c100000 - 0x000000006c10f000 	C:\Users\Matiss\AppData\Local\Temp\jogamp_0000\file_cache\jln16098701680496620349\jln187275933015782224\natives\windows-amd64\nativewindow_win32.dll
0x000000006cbc0000 - 0x000000006cbd3000 	C:\Users\Matiss\AppData\Local\Temp\jogamp_0000\file_cache\jln16098701680496620349\jln187275933015782224\natives\windows-amd64\newt.dll
0x00007ffbf8110000 - 0x00007ffbf81be000 	C:\WINDOWS\SYSTEM32\mscms.dll
0x00007ffbf8250000 - 0x00007ffbf8261000 	C:\WINDOWS\SYSTEM32\ColorAdapterClient.dll
0x00007ffbb5140000 - 0x00007ffbb5183000 	C:\WINDOWS\SYSTEM32\icm32.dll
0x00007ffbffa40000 - 0x00007ffbffea9000 	C:\WINDOWS\System32\setupapi.dll
0x00007ffbfd7a0000 - 0x00007ffbfd7cc000 	C:\WINDOWS\SYSTEM32\DEVOBJ.dll
0x00007ffbfe0d0000 - 0x00007ffbfe130000 	C:\WINDOWS\System32\WINTRUST.dll
0x00007ffbfe1b0000 - 0x00007ffbfe30f000 	C:\WINDOWS\System32\CRYPT32.dll
0x00007ffbfd5e0000 - 0x00007ffbfd5f2000 	C:\WINDOWS\SYSTEM32\MSASN1.dll
0x0000000064500000 - 0x00000000645b1000 	C:\Users\Matiss\AppData\Local\Temp\jogamp_0000\file_cache\jln16098701680496620349\jln187275933015782224\natives\windows-amd64\jogl_desktop.dll
0x0000000064340000 - 0x00000000643a2000 	C:\Users\Matiss\AppData\Local\Temp\jogamp_0000\file_cache\jln16098701680496620349\jln187275933015782224\natives\windows-amd64\jogl_mobile.dll
0x00007ffbfe9c0000 - 0x00007ffbfea69000 	C:\WINDOWS\System32\clbcatq.dll
0x00007ffbf7da0000 - 0x00007ffbf7e99000 	C:\Windows\System32\AppXDeploymentClient.dll
0x00007ffbcaf10000 - 0x00007ffbcaf3a000 	C:\WINDOWS\System32\DriverStore\FileRepository\u0365275.inf_amd64_136741f59e43f995\B364966\atig6pxx.dll
0x00007ffb93a80000 - 0x00007ffb96869000 	C:\WINDOWS\System32\DriverStore\FileRepository\u0365275.inf_amd64_136741f59e43f995\B364966\atio6axx.dll
0x00007ffbf9980000 - 0x00007ffbf99a4000 	C:\WINDOWS\SYSTEM32\dxva2.dll
0x00007ffbaa6b0000 - 0x00007ffbaa6ec000 	C:\WINDOWS\System32\DriverStore\FileRepository\u0365275.inf_amd64_136741f59e43f995\B364966\atig6txx.dll
0x00007ffbb4800000 - 0x00007ffbb49b8000 	C:\WINDOWS\SYSTEM32\atiadlxx.dll
0x00007ffbf93d0000 - 0x00007ffbf94c7000 	C:\WINDOWS\SYSTEM32\PROPSYS.dll
0x00007ffbdc6e0000 - 0x00007ffbdc734000 	C:\WINDOWS\SYSTEM32\pdh.dll
0x00007ffbf2e80000 - 0x00007ffbf2f79000 	C:\WINDOWS\SYSTEM32\textinputframework.dll
0x00007ffbfad30000 - 0x00007ffbfb08e000 	C:\WINDOWS\System32\CoreUIComponents.dll
0x00007ffbfb090000 - 0x00007ffbfb182000 	C:\WINDOWS\System32\CoreMessaging.dll
0x00007ffbfc720000 - 0x00007ffbfc753000 	C:\WINDOWS\SYSTEM32\ntmarta.dll
0x00007ffbf99d0000 - 0x00007ffbf9b24000 	C:\WINDOWS\SYSTEM32\wintypes.dll
0x00007ffb8a300000 - 0x00007ffb8a4d8000 	C:\Users\Matiss\AppData\Local\Discord\app-1.0.9001\modules\discord_hook-1\discord_hook\5d3c53859c6\DiscordHook64.dll
0x00007ffbfc320000 - 0x00007ffbfc413000 	C:\WINDOWS\SYSTEM32\dxgi.dll
0x00007ffbf9b30000 - 0x00007ffbf9d94000 	C:\WINDOWS\SYSTEM32\d3d11.dll
0x00007ffbf6350000 - 0x00007ffbf6388000 	C:\WINDOWS\System32\DriverStore\FileRepository\u0365275.inf_amd64_136741f59e43f995\B364966\atiuxp64.dll
0x00007ffbf4240000 - 0x00007ffbf6194000 	C:\WINDOWS\System32\DriverStore\FileRepository\u0365275.inf_amd64_136741f59e43f995\B364966\atidxx64.dll
0x00007ffbf36b0000 - 0x00007ffbf36db000 	C:\WINDOWS\SYSTEM32\D3DSCache.dll
0x00007ffbf7ea0000 - 0x00007ffbf80a1000 	C:\WINDOWS\SYSTEM32\twinapi.appcore.dll
0x00007ffbf9da0000 - 0x00007ffbfa1fd000 	C:\WINDOWS\SYSTEM32\D3DCompiler_47.dll

dbghelp: loaded successfully - version: 4.0.5 - missing functions: none
symbol engine: initialized successfully - sym options: 0x614 - pdb path: .;C:\Program Files\Java\jdk-15\bin;C:\WINDOWS\SYSTEM32;C:\WINDOWS\WinSxS\amd64_microsoft.windows.common-controls_6595b64144ccf1df_6.0.19041.844_none_ca00b6081b84eb1d;C:\Program Files\Java\jdk-15\bin\server;C:\WINDOWS\System32\DriverStore\FileRepository\u0365275.inf_amd64_136741f59e43f995\B364966;C:\Users\Matiss\AppData\Local\Temp\jogamp_0000\file_cache\jln16098701680496620349\jln187275933015782224\natives\windows-amd64;C:\Users\Matiss\AppData\Local\Discord\app-1.0.9001\modules\discord_hook-1\discord_hook\5d3c53859c6

VM Arguments:
jvm_args: -agentlib:jdwp=transport=dt_socket,server=n,suspend=y,address=localhost:51576 -XX:+ShowCodeDetailsInExceptionMessages -Dfile.encoding=UTF-8 
java_command: ie.tudublin.Main
java_class_path (initial): D:\UniY2\Sem 2\OOPAssignment\MusicVisuals\java\bin;D:\UniY2\Sem 2\OOPAssignment\MusicVisuals\java\lib\core.jar;D:\UniY2\Sem 2\OOPAssignment\MusicVisuals\java\lib\jl1.0.1.jar;D:\UniY2\Sem 2\OOPAssignment\MusicVisuals\java\lib\jsminim.jar;D:\UniY2\Sem 2\OOPAssignment\MusicVisuals\java\lib\minim.jar;D:\UniY2\Sem 2\OOPAssignment\MusicVisuals\java\lib\mp3spi1.9.5.jar;D:\UniY2\Sem 2\OOPAssignment\MusicVisuals\java\lib\sqlite-jdbc-3.23.1.jar;D:\UniY2\Sem 2\OOPAssignment\MusicVisuals\java\lib\tritonus_aos.jar;D:\UniY2\Sem 2\OOPAssignment\MusicVisuals\java\lib\tritonus_share.jar;D:\UniY2\Sem 2\OOPAssignment\MusicVisuals\java\lib\jogl-all.jar;D:\UniY2\Sem 2\OOPAssignment\MusicVisuals\java\lib\gluegen-rt.jar;D:\UniY2\Sem 2\OOPAssignment\MusicVisuals\java\lib\gluegen-rt-natives-windows-amd64.jar;D:\UniY2\Sem 2\OOPAssignment\MusicVisuals\java\lib\gluegen-rt-natives-windows-i586.jar;D:\UniY2\Sem 2\OOPAssignment\MusicVisuals\java\lib\jogl-all-natives-windows-amd64.jar;D:\UniY2\Sem 2\OOPAssignment\MusicVisuals\java\lib\jogl-all-natives-windows-i586.jar;D:\UniY2\Sem 2\OOPAssignment\MusicVisuals\java\lib\gluegen-rt-natives-macosx-universal.jar;D:\UniY2\Sem 2\OOPAssignment\MusicVisuals\java\lib\jogl-all-natives-macosx-universal.jar
Launcher Type: SUN_STANDARD

[Global flags]
     intx CICompilerCount                          = 4                                         {product} {ergonomic}
     uint ConcGCThreads                            = 3                                         {product} {ergonomic}
     uint G1ConcRefinementThreads                  = 10                                        {product} {ergonomic}
   size_t G1HeapRegionSize                         = 2097152                                   {product} {ergonomic}
    uintx GCDrainStackTargetSize                   = 64                                        {product} {ergonomic}
   size_t InitialHeapSize                          = 268435456                                 {product} {ergonomic}
   size_t MarkStackSize                            = 4194304                                   {product} {ergonomic}
   size_t MaxHeapSize                              = 4282384384                                {product} {ergonomic}
   size_t MaxNewSize                               = 2569011200                                {product} {ergonomic}
   size_t MinHeapDeltaBytes                        = 2097152                                   {product} {ergonomic}
   size_t MinHeapSize                              = 8388608                                   {product} {ergonomic}
    uintx NonNMethodCodeHeapSize                   = 5839372                                {pd product} {ergonomic}
    uintx NonProfiledCodeHeapSize                  = 122909434                              {pd product} {ergonomic}
    uintx ProfiledCodeHeapSize                     = 122909434                              {pd product} {ergonomic}
    uintx ReservedCodeCacheSize                    = 251658240                              {pd product} {ergonomic}
     bool SegmentedCodeCache                       = true                                      {product} {ergonomic}
     bool ShowCodeDetailsInExceptionMessages       = true                                   {manageable} {command line}
   size_t SoftMaxHeapSize                          = 4282384384                             {manageable} {ergonomic}
     bool UseCompressedClassPointers               = true                                 {lp64_product} {ergonomic}
     bool UseCompressedOops                        = true                                 {lp64_product} {ergonomic}
     bool UseG1GC                                  = true                                      {product} {ergonomic}
     bool UseLargePagesIndividualAllocation        = false                                  {pd product} {ergonomic}

Logging:
Log output configuration:
 #0: stdout all=warning uptime,level,tags
 #1: stderr all=off uptime,level,tags

Environment Variables:
PATH=C:\Program Files\Common Files\Oracle\Java\javapath;C:\Program Files\Oculus\Support\oculus-runtime;C:\Program Files (x86)\Common Files\Oracle\Java\javapath;C:\Windows\system32;C:\Windows;C:\Windows\System32\Wbem;C:\Windows\System32\WindowsPowerShell\v1.0\;C:\Windows\System32\OpenSSH\;C:\Users\Matiss\AppData\Local\Microsoft\WindowsApps;C:\Users\Matiss\AppData\Local\atom\bin;C:\Program Files\Git\cmd;C:\msys64\mingw64\x86_64-w64-mingw32\bin;C:\msys64\mingw64\bin;C:\Program Files (x86)\dotnet\;C:\Program Files\dotnet\;%SystemRoot%\system32;%SystemRoot%;%SystemRoot%\System32\Wbem;%SYSTEMROOT%\System32\WindowsPowerShell\v1.0\;%SYSTEMROOT%\System32\OpenSSH\;C:\Users\Matiss\AppData\Local\Microsoft\WindowsApps;C:\Users\Matiss\AppData\Local\atom\bin;C:\src\flutter\bin;C:\MinGW\bin;C:\Users\Matiss\AppData\Local\Programs\Microsoft VS Code\bin;C:\Users\Matiss\AppData\Local\Programs\Python\Python38-32;;%USERPROFILE%\AppData\Local\Microsoft\WindowsApps
USERNAME=Matiss
LANG=en_GB.UTF-8
OS=Windows_NT
PROCESSOR_IDENTIFIER=AMD64 Family 23 Model 113 Stepping 0, AuthenticAMD



---------------  S Y S T E M  ---------------

OS:
 Windows 10 , 64 bit Build 19041 (10.0.19041.928)
OS uptime: 0 days 2:33 hours

CPU: total 12 (initial active 12) (12 cores per cpu, 2 threads per core) family 23 model 113 stepping 0, cmov, cx8, fxsr, mmx, sse, sse2, sse3, ssse3, sse4.1, sse4.2, popcnt, vzeroupper, avx, avx2, aes, clmul, 3dnowpref, lzcnt, sse4a, ht, tsc, tscinvbit, tscinv, bmi1, bmi2, adx, sha, fma, clflush, clflushopt

Memory: 4k page, system-wide physical 16334M (7199M free)
TotalPageFile size 26062M (AvailPageFile size 6651M)
current process WorkingSet (physical memory assigned to process): 1621M, peak: 1621M
current process commit charge ("private bytes"): 5115M, peak: 5115M

vm_info: Java HotSpot(TM) 64-Bit Server VM (15+36-1562) for windows-amd64 JRE (15+36-1562), built on Aug 11 2020 22:38:02 by "mach5one" with unknown MS VC++:1925

END.
